<?xml version="1.0" encoding="UTF-8"?>
<!-- Generated by org.testng.reporters.JUnitReportReporter -->
<testsuite skipped="0" hostname="DESKTOP-QH08G25" name="test.TESTActitimeLogin" tests="1" failures="0" timestamp="20 Dec 2019 03:02:46 GMT" time="49.862" errors="0">
  <testcase name="login" time="49.862" classname="test.TESTActitimeLogin"/>
</testsuite> <!-- test.TESTActitimeLogin -->
